빌드 시작: 2014-07-29 오전 2:30:54
     1>2 노드의 "C:\Users\ORIN\Desktop\랩실원폴더\김성국\client\client\client.vcxproj" 프로젝트(build 대상)입니다.
     1>InitializeBuildStatus:
         "AlwaysCreate"이(가) 지정되었기 때문에 "Debug\client.unsuccessfulbuild"을(를) 만들고 있습니다.
       ClCompile:
         모든 출력이 최신 상태입니다.
         c:\Program Files\Microsoft Visual Studio 10.0\VC\bin\CL.exe /c /ZI /nologo /W3 /WX- /Od /Oy- /D WIN32 /D _WINDOWS /D _DEBUG /D _UNICODE /D UNICODE /D _AFXDLL /Gm /EHsc /RTC1 /MDd /GS /fp:precise /Zc:wchar_t /Zc:forScope /Yu"StdAfx.h" /Fp"Debug\client.pch" /Fo"Debug\\" /Fd"Debug\vc100.pdb" /Gd /TP /analyze- /errorReport:prompt clientDlg.cpp
         clientDlg.cpp
       ResourceCompile:
         모든 출력이 최신 상태입니다.
       ManifestResourceCompile:
         모든 출력이 최신 상태입니다.
       Link:
         c:\Program Files\Microsoft Visual Studio 10.0\VC\bin\link.exe /ERRORREPORT:PROMPT /OUT:"C:\Users\ORIN\Desktop\랩실원폴더\김성국\client\Debug\client.exe" /INCREMENTAL /NOLOGO /MANIFEST /ManifestFile:"Debug\client.exe.intermediate.manifest" /MANIFESTUAC:"level='asInvoker' uiAccess='false'" /DEBUG /PDB:"C:\Users\ORIN\Desktop\랩실원폴더\김성국\client\Debug\client.pdb" /SUBSYSTEM:WINDOWS /TLBID:1 /ENTRY:"wWinMainCRTStartup" /DYNAMICBASE /NXCOMPAT /IMPLIB:"C:\Users\ORIN\Desktop\랩실원폴더\김성국\client\Debug\client.lib" /MACHINE:X86 Debug\client.res
         Debug\client.exe.embed.manifest.res
         Debug\client.obj
         Debug\clientDlg.obj
         Debug\orin.obj
         Debug\stdafx.obj
       Manifest:
         C:\Program Files\Microsoft SDKs\Windows\v7.0A\bin\mt.exe /nologo /verbose /out:"Debug\client.exe.embed.manifest" /manifest Debug\client.exe.intermediate.manifest "c:\Program Files\Microsoft Visual Studio 10.0\VC\Include\Manifest\dpiaware.manifest"
         모든 출력이 최신 상태입니다.
       LinkEmbedManifest:
         모든 출력이 최신 상태입니다.
         client.vcxproj -> C:\Users\ORIN\Desktop\랩실원폴더\김성국\client\Debug\client.exe
       FinalizeBuildStatus:
         "Debug\client.unsuccessfulbuild" 파일을 삭제하고 있습니다.
         "Debug\client.lastbuildstate"에 연결(touching)하고 있습니다.
     1>"C:\Users\ORIN\Desktop\랩실원폴더\김성국\client\client\client.vcxproj" 프로젝트를 빌드했습니다(build 대상).

빌드했습니다.

경과 시간: 00:00:00.43
